# JRE version: Java(TM) SE Runtime Environment (19.0.2+7) (build 19.0.2+7-44)
# Java VM: Java HotSpot(TM) 64-Bit Server VM (19.0.2+7-44, mixed mode, sharing, tiered, compressed oops, compressed class ptrs, parallel gc, windows-amd64)
GC Precious Log:
 CardTable entry size: 512
 CPUs: 8 total, 8 available
 Memory: 14283M
 Large Page Support: Disabled
 NUMA Support: Disabled
 Compressed Oops: Enabled (32-bit)
 Alignments: Space 512K, Generation 512K, Heap 2M
 Heap Min Capacity: 100M
 Heap Initial Capacity: 100M
 Heap Max Capacity: 1G
 Pre-touch: Disabled
 Parallel Workers: 8
Heap:
 PSYoungGen      total 37376K, used 16383K [0x00000000eab00000, 0x00000000ee480000, 0x0000000100000000)
  eden space 16384K, 99% used [0x00000000eab00000,0x00000000ebaffff0,0x00000000ebb00000)
  from space 20992K, 0% used [0x00000000ed000000,0x00000000ed000000,0x00000000ee480000)
  to   space 16896K, 0% used [0x00000000ebb00000,0x00000000ebb00000,0x00000000ecb80000)
 ParOldGen       total 340992K, used 340496K [0x00000000c0000000, 0x00000000d4d00000, 0x00000000eab00000)
  object space 340992K, 99% used [0x00000000c0000000,0x00000000d4c84200,0x00000000d4d00000)
 Metaspace       used 67962K, committed 69248K, reserved 1114112K
  class space    used 6707K, committed 7296K, reserved 1048576K
GC Heap History (20 events):
Event: 58.437 GC heap after
{Heap after GC invocations=473 (full 103):
 PSYoungGen      total 33280K, used 16383K [0x00000000eab00000, 0x00000000ee480000, 0x0000000100000000)
  eden space 16384K, 99% used [0x00000000eab00000,0x00000000ebafff18,0x00000000ebb00000)
  from space 16896K, 0% used [0x00000000ebb00000,0x00000000ebb00000,0x00000000ecb80000)
  to   space 20992K, 0% used [0x00000000ed000000,0x00000000ed000000,0x00000000ee480000)
 ParOldGen       total 340992K, used 340492K [0x00000000c0000000, 0x00000000d4d00000, 0x00000000eab00000)
  object space 340992K, 99% used [0x00000000c0000000,0x00000000d4c832f0,0x00000000d4d00000)
 Metaspace       used 67962K, committed 69248K, reserved 1114112K
  class space    used 6707K, committed 7296K, reserved 1048576K
}
Event: 58.438 GC heap before
{Heap before GC invocations=474 (full 104):
 PSYoungGen      total 33280K, used 16383K [0x00000000eab00000, 0x00000000ee480000, 0x0000000100000000)
  eden space 16384K, 99% used [0x00000000eab00000,0x00000000ebaffff8,0x00000000ebb00000)
  from space 16896K, 0% used [0x00000000ebb00000,0x00000000ebb00000,0x00000000ecb80000)
  to   space 20992K, 0% used [0x00000000ed000000,0x00000000ed000000,0x00000000ee480000)
 ParOldGen       total 340992K, used 340492K [0x00000000c0000000, 0x00000000d4d00000, 0x00000000eab00000)
  object space 340992K, 99% used [0x00000000c0000000,0x00000000d4c832f0,0x00000000d4d00000)
 Metaspace       used 67962K, committed 69248K, reserved 1114112K
  class space    used 6707K, committed 7296K, reserved 1048576K
}
Event: 58.633 GC heap after
{Heap after GC invocations=474 (full 104):
 PSYoungGen      total 37376K, used 16383K [0x00000000eab00000, 0x00000000ee480000, 0x0000000100000000)
  eden space 16384K, 99% used [0x00000000eab00000,0x00000000ebafffe8,0x00000000ebb00000)
  from space 20992K, 0% used [0x00000000ed000000,0x00000000ed000000,0x00000000ee480000)
  to   space 16896K, 0% used [0x00000000ebb00000,0x00000000ebb00000,0x00000000ecb80000)
 ParOldGen       total 340992K, used 340492K [0x00000000c0000000, 0x00000000d4d00000, 0x00000000eab00000)
  object space 340992K, 99% used [0x00000000c0000000,0x00000000d4c832e0,0x00000000d4d00000)
 Metaspace       used 67962K, committed 69248K, reserved 1114112K
  class space    used 6707K, committed 7296K, reserved 1048576K
}
Event: 58.633 GC heap before
{Heap before GC invocations=475 (full 105):
 PSYoungGen      total 37376K, used 16384K [0x00000000eab00000, 0x00000000ee480000, 0x0000000100000000)
  eden space 16384K, 100% used [0x00000000eab00000,0x00000000ebb00000,0x00000000ebb00000)
  from space 20992K, 0% used [0x00000000ed000000,0x00000000ed000000,0x00000000ee480000)
  to   space 16896K, 0% used [0x00000000ebb00000,0x00000000ebb00000,0x00000000ecb80000)
 ParOldGen       total 340992K, used 340494K [0x00000000c0000000, 0x00000000d4d00000, 0x00000000eab00000)
  object space 340992K, 99% used [0x00000000c0000000,0x00000000d4c83bd8,0x00000000d4d00000)
 Metaspace       used 67962K, committed 69248K, reserved 1114112K
  class space    used 6707K, committed 7296K, reserved 1048576K
}
Event: 58.823 GC heap after
{Heap after GC invocations=475 (full 105):
 PSYoungGen      total 33280K, used 16383K [0x00000000eab00000, 0x00000000ee480000, 0x0000000100000000)
  eden space 16384K, 99% used [0x00000000eab00000,0x00000000ebafffe8,0x00000000ebb00000)
  from space 16896K, 0% used [0x00000000ebb00000,0x00000000ebb00000,0x00000000ecb80000)
  to   space 20992K, 0% used [0x00000000ed000000,0x00000000ed000000,0x00000000ee480000)
 ParOldGen       total 340992K, used 340493K [0x00000000c0000000, 0x00000000d4d00000, 0x00000000eab00000)
  object space 340992K, 99% used [0x00000000c0000000,0x00000000d4c836c8,0x00000000d4d00000)
 Metaspace       used 67962K, committed 69248K, reserved 1114112K
  class space    used 6707K, committed 7296K, reserved 1048576K
}
Event: 58.824 GC heap before
{Heap before GC invocations=476 (full 106):
 PSYoungGen      total 33280K, used 16384K [0x00000000eab00000, 0x00000000ee480000, 0x0000000100000000)
  eden space 16384K, 100% used [0x00000000eab00000,0x00000000ebb00000,0x00000000ebb00000)
  from space 16896K, 0% used [0x00000000ebb00000,0x00000000ebb00000,0x00000000ecb80000)
  to   space 20992K, 0% used [0x00000000ed000000,0x00000000ed000000,0x00000000ee480000)
 ParOldGen       total 340992K, used 340493K [0x00000000c0000000, 0x00000000d4d00000, 0x00000000eab00000)
  object space 340992K, 99% used [0x00000000c0000000,0x00000000d4c836c8,0x00000000d4d00000)
 Metaspace       used 67962K, committed 69248K, reserved 1114112K
  class space    used 6707K, committed 7296K, reserved 1048576K
}
Event: 59.002 GC heap after
{Heap after GC invocations=476 (full 106):
 PSYoungGen      total 37376K, used 16383K [0x00000000eab00000, 0x00000000ee480000, 0x0000000100000000)
  eden space 16384K, 99% used [0x00000000eab00000,0x00000000ebafffe8,0x00000000ebb00000)
  from space 20992K, 0% used [0x00000000ed000000,0x00000000ed000000,0x00000000ee480000)
  to   space 16896K, 0% used [0x00000000ebb00000,0x00000000ebb00000,0x00000000ecb80000)
 ParOldGen       total 340992K, used 340493K [0x00000000c0000000, 0x00000000d4d00000, 0x00000000eab00000)
  object space 340992K, 99% used [0x00000000c0000000,0x00000000d4c83650,0x00000000d4d00000)
 Metaspace       used 67962K, committed 69248K, reserved 1114112K
  class space    used 6707K, committed 7296K, reserved 1048576K
}
Event: 59.003 GC heap before
{Heap before GC invocations=477 (full 107):
 PSYoungGen      total 37376K, used 16384K [0x00000000eab00000, 0x00000000ee480000, 0x0000000100000000)
  eden space 16384K, 100% used [0x00000000eab00000,0x00000000ebb00000,0x00000000ebb00000)
  from space 20992K, 0% used [0x00000000ed000000,0x00000000ed000000,0x00000000ee480000)
  to   space 16896K, 0% used [0x00000000ebb00000,0x00000000ebb00000,0x00000000ecb80000)
 ParOldGen       total 340992K, used 340493K [0x00000000c0000000, 0x00000000d4d00000, 0x00000000eab00000)
  object space 340992K, 99% used [0x00000000c0000000,0x00000000d4c83650,0x00000000d4d00000)
 Metaspace       used 67962K, committed 69248K, reserved 1114112K
  class space    used 6707K, committed 7296K, reserved 1048576K
}
Event: 59.181 GC heap after
{Heap after GC invocations=477 (full 107):
 PSYoungGen      total 33280K, used 16384K [0x00000000eab00000, 0x00000000ee480000, 0x0000000100000000)
  eden space 16384K, 100% used [0x00000000eab00000,0x00000000ebb00000,0x00000000ebb00000)
  from space 16896K, 0% used [0x00000000ebb00000,0x00000000ebb00000,0x00000000ecb80000)
  to   space 20992K, 0% used [0x00000000ed000000,0x00000000ed000000,0x00000000ee480000)
 ParOldGen       total 340992K, used 340493K [0x00000000c0000000, 0x00000000d4d00000, 0x00000000eab00000)
  object space 340992K, 99% used [0x00000000c0000000,0x00000000d4c83650,0x00000000d4d00000)
 Metaspace       used 67962K, committed 69248K, reserved 1114112K
  class space    used 6707K, committed 7296K, reserved 1048576K
}
Event: 59.182 GC heap before
{Heap before GC invocations=478 (full 108):
 PSYoungGen      total 33280K, used 16384K [0x00000000eab00000, 0x00000000ee480000, 0x0000000100000000)
  eden space 16384K, 100% used [0x00000000eab00000,0x00000000ebb00000,0x00000000ebb00000)
  from space 16896K, 0% used [0x00000000ebb00000,0x00000000ebb00000,0x00000000ecb80000)
  to   space 20992K, 0% used [0x00000000ed000000,0x00000000ed000000,0x00000000ee480000)
 ParOldGen       total 340992K, used 340495K [0x00000000c0000000, 0x00000000d4d00000, 0x00000000eab00000)
  object space 340992K, 99% used [0x00000000c0000000,0x00000000d4c83dc0,0x00000000d4d00000)
 Metaspace       used 67962K, committed 69248K, reserved 1114112K
  class space    used 6707K, committed 7296K, reserved 1048576K
}
Event: 59.376 GC heap after
{Heap after GC invocations=478 (full 108):
 PSYoungGen      total 37376K, used 16384K [0x00000000eab00000, 0x00000000ee480000, 0x0000000100000000)
  eden space 16384K, 100% used [0x00000000eab00000,0x00000000ebb00000,0x00000000ebb00000)
  from space 20992K, 0% used [0x00000000ed000000,0x00000000ed000000,0x00000000ee480000)
  to   space 16896K, 0% used [0x00000000ebb00000,0x00000000ebb00000,0x00000000ecb80000)
 ParOldGen       total 340992K, used 340495K [0x00000000c0000000, 0x00000000d4d00000, 0x00000000eab00000)
  object space 340992K, 99% used [0x00000000c0000000,0x00000000d4c83c18,0x00000000d4d00000)
 Metaspace       used 67962K, committed 69248K, reserved 1114112K
  class space    used 6707K, committed 7296K, reserved 1048576K
}
Event: 59.379 GC heap before
{Heap before GC invocations=479 (full 109):
 PSYoungGen      total 37376K, used 16384K [0x00000000eab00000, 0x00000000ee480000, 0x0000000100000000)
  eden space 16384K, 100% used [0x00000000eab00000,0x00000000ebb00000,0x00000000ebb00000)
  from space 20992K, 0% used [0x00000000ed000000,0x00000000ed000000,0x00000000ee480000)
  to   space 16896K, 0% used [0x00000000ebb00000,0x00000000ebb00000,0x00000000ecb80000)
 ParOldGen       total 340992K, used 340496K [0x00000000c0000000, 0x00000000d4d00000, 0x00000000eab00000)
  object space 340992K, 99% used [0x00000000c0000000,0x00000000d4c84338,0x00000000d4d00000)
 Metaspace       used 67962K, committed 69248K, reserved 1114112K
  class space    used 6707K, committed 7296K, reserved 1048576K
}
Event: 59.598 GC heap after
{Heap after GC invocations=479 (full 109):
 PSYoungGen      total 33280K, used 16383K [0x00000000eab00000, 0x00000000ee480000, 0x0000000100000000)
  eden space 16384K, 99% used [0x00000000eab00000,0x00000000ebafffa0,0x00000000ebb00000)
  from space 16896K, 0% used [0x00000000ebb00000,0x00000000ebb00000,0x00000000ecb80000)
  to   space 20992K, 0% used [0x00000000ed000000,0x00000000ed000000,0x00000000ee480000)
 ParOldGen       total 340992K, used 340496K [0x00000000c0000000, 0x00000000d4d00000, 0x00000000eab00000)
  object space 340992K, 99% used [0x00000000c0000000,0x00000000d4c84070,0x00000000d4d00000)
 Metaspace       used 67962K, committed 69248K, reserved 1114112K
  class space    used 6707K, committed 7296K, reserved 1048576K
}
Event: 59.599 GC heap before
{Heap before GC invocations=480 (full 110):
 PSYoungGen      total 33280K, used 16383K [0x00000000eab00000, 0x00000000ee480000, 0x0000000100000000)
  eden space 16384K, 99% used [0x00000000eab00000,0x00000000ebaffff0,0x00000000ebb00000)
  from space 16896K, 0% used [0x00000000ebb00000,0x00000000ebb00000,0x00000000ecb80000)
  to   space 20992K, 0% used [0x00000000ed000000,0x00000000ed000000,0x00000000ee480000)
 ParOldGen       total 340992K, used 340496K [0x00000000c0000000, 0x00000000d4d00000, 0x00000000eab00000)
  object space 340992K, 99% used [0x00000000c0000000,0x00000000d4c84070,0x00000000d4d00000)
 Metaspace       used 67962K, committed 69248K, reserved 1114112K
  class space    used 6707K, committed 7296K, reserved 1048576K
}
Event: 59.826 GC heap after
{Heap after GC invocations=480 (full 110):
 PSYoungGen      total 37376K, used 16383K [0x00000000eab00000, 0x00000000ee480000, 0x0000000100000000)
  eden space 16384K, 99% used [0x00000000eab00000,0x00000000ebaffff0,0x00000000ebb00000)
  from space 20992K, 0% used [0x00000000ed000000,0x00000000ed000000,0x00000000ee480000)
  to   space 16896K, 0% used [0x00000000ebb00000,0x00000000ebb00000,0x00000000ecb80000)
 ParOldGen       total 340992K, used 340496K [0x00000000c0000000, 0x00000000d4d00000, 0x00000000eab00000)
  object space 340992K, 99% used [0x00000000c0000000,0x00000000d4c84040,0x00000000d4d00000)
 Metaspace       used 67962K, committed 69248K, reserved 1114112K
  class space    used 6707K, committed 7296K, reserved 1048576K
}
Event: 59.826 GC heap before
{Heap before GC invocations=481 (full 111):
 PSYoungGen      total 37376K, used 16384K [0x00000000eab00000, 0x00000000ee480000, 0x0000000100000000)
  eden space 16384K, 100% used [0x00000000eab00000,0x00000000ebb00000,0x00000000ebb00000)
  from space 20992K, 0% used [0x00000000ed000000,0x00000000ed000000,0x00000000ee480000)
  to   space 16896K, 0% used [0x00000000ebb00000,0x00000000ebb00000,0x00000000ecb80000)
 ParOldGen       total 340992K, used 340498K [0x00000000c0000000, 0x00000000d4d00000, 0x00000000eab00000)
  object space 340992K, 99% used [0x00000000c0000000,0x00000000d4c848c8,0x00000000d4d00000)
 Metaspace       used 67962K, committed 69248K, reserved 1114112K
  class space    used 6707K, committed 7296K, reserved 1048576K
}
Event: 60.059 GC heap after
{Heap after GC invocations=481 (full 111):
 PSYoungGen      total 33280K, used 16383K [0x00000000eab00000, 0x00000000ee480000, 0x0000000100000000)
  eden space 16384K, 99% used [0x00000000eab00000,0x00000000ebafff78,0x00000000ebb00000)
  from space 16896K, 0% used [0x00000000ebb00000,0x00000000ebb00000,0x00000000ecb80000)
  to   space 20992K, 0% used [0x00000000ed000000,0x00000000ed000000,0x00000000ee480000)
 ParOldGen       total 340992K, used 340496K [0x00000000c0000000, 0x00000000d4d00000, 0x00000000eab00000)
  object space 340992K, 99% used [0x00000000c0000000,0x00000000d4c84200,0x00000000d4d00000)
 Metaspace       used 67962K, committed 69248K, reserved 1114112K
  class space    used 6707K, committed 7296K, reserved 1048576K
}
Event: 60.061 GC heap before
{Heap before GC invocations=482 (full 112):
 PSYoungGen      total 33280K, used 16383K [0x00000000eab00000, 0x00000000ee480000, 0x0000000100000000)
  eden space 16384K, 99% used [0x00000000eab00000,0x00000000ebaffff0,0x00000000ebb00000)
  from space 16896K, 0% used [0x00000000ebb00000,0x00000000ebb00000,0x00000000ecb80000)
  to   space 20992K, 0% used [0x00000000ed000000,0x00000000ed000000,0x00000000ee480000)
 ParOldGen       total 340992K, used 340496K [0x00000000c0000000, 0x00000000d4d00000, 0x00000000eab00000)
  object space 340992K, 99% used [0x00000000c0000000,0x00000000d4c84200,0x00000000d4d00000)
 Metaspace       used 67962K, committed 69248K, reserved 1114112K
  class space    used 6707K, committed 7296K, reserved 1048576K
}
Event: 60.294 GC heap after
{Heap after GC invocations=482 (full 112):
 PSYoungGen      total 37376K, used 16383K [0x00000000eab00000, 0x00000000ee480000, 0x0000000100000000)
  eden space 16384K, 99% used [0x00000000eab00000,0x00000000ebafffc0,0x00000000ebb00000)
  from space 20992K, 0% used [0x00000000ed000000,0x00000000ed000000,0x00000000ee480000)
  to   space 16896K, 0% used [0x00000000ebb00000,0x00000000ebb00000,0x00000000ecb80000)
 ParOldGen       total 340992K, used 340496K [0x00000000c0000000, 0x00000000d4d00000, 0x00000000eab00000)
  object space 340992K, 99% used [0x00000000c0000000,0x00000000d4c84200,0x00000000d4d00000)
 Metaspace       used 67962K, committed 69248K, reserved 1114112K
  class space    used 6707K, committed 7296K, reserved 1048576K
}
Event: 60.294 GC heap before
{Heap before GC invocations=483 (full 113):
 PSYoungGen      total 37376K, used 16383K [0x00000000eab00000, 0x00000000ee480000, 0x0000000100000000)
  eden space 16384K, 99% used [0x00000000eab00000,0x00000000ebaffff0,0x00000000ebb00000)
  from space 20992K, 0% used [0x00000000ed000000,0x00000000ed000000,0x00000000ee480000)
  to   space 16896K, 0% used [0x00000000ebb00000,0x00000000ebb00000,0x00000000ecb80000)
 ParOldGen       total 340992K, used 340496K [0x00000000c0000000, 0x00000000d4d00000, 0x00000000eab00000)
  object space 340992K, 99% used [0x00000000c0000000,0x00000000d4c84200,0x00000000d4d00000)
 Metaspace       used 67962K, committed 69248K, reserved 1114112K
  class space    used 6707K, committed 7296K, reserved 1048576K
}

