# JRE version: Java(TM) SE Runtime Environment (19.0.2+7) (build 19.0.2+7-44)
# Java VM: Java HotSpot(TM) 64-Bit Server VM (19.0.2+7-44, mixed mode, sharing, tiered, compressed oops, compressed class ptrs, parallel gc, windows-amd64)
GC Precious Log:
 CardTable entry size: 512
 CPUs: 8 total, 8 available
 Memory: 14283M
 Large Page Support: Disabled
 NUMA Support: Disabled
 Compressed Oops: Enabled (32-bit)
 Alignments: Space 512K, Generation 512K, Heap 2M
 Heap Min Capacity: 100M
 Heap Initial Capacity: 100M
 Heap Max Capacity: 1G
 Pre-touch: Disabled
 Parallel Workers: 8
Heap:
 PSYoungGen      total 5632K, used 1532K [0x00000000eab00000, 0x00000000eb200000, 0x0000000100000000)
  eden space 4608K, 20% used [0x00000000eab00000,0x00000000eabeb178,0x00000000eaf80000)
  from space 1024K, 57% used [0x00000000eb100000,0x00000000eb194010,0x00000000eb200000)
  to   space 1024K, 0% used [0x00000000eb000000,0x00000000eb000000,0x00000000eb100000)
 ParOldGen       total 323584K, used 285021K [0x00000000c0000000, 0x00000000d3c00000, 0x00000000eab00000)
  object space 323584K, 88% used [0x00000000c0000000,0x00000000d1657658,0x00000000d3c00000)
 Metaspace       used 92935K, committed 94400K, reserved 1179648K
  class space    used 8633K, committed 9280K, reserved 1048576K
GC Heap History (20 events):
Event: 6174.722 GC heap before
{Heap before GC invocations=11788 (full 265):
 PSYoungGen      total 5632K, used 5184K [0x00000000eab00000, 0x00000000eb180000, 0x0000000100000000)
  eden space 4608K, 100% used [0x00000000eab00000,0x00000000eaf80000,0x00000000eaf80000)
  from space 1024K, 56% used [0x00000000eb080000,0x00000000eb110000,0x00000000eb180000)
  to   space 1024K, 0% used [0x00000000eaf80000,0x00000000eaf80000,0x00000000eb080000)
 ParOldGen       total 323584K, used 277616K [0x00000000c0000000, 0x00000000d3c00000, 0x00000000eab00000)
  object space 323584K, 85% used [0x00000000c0000000,0x00000000d0f1c3a8,0x00000000d3c00000)
 Metaspace       used 92907K, committed 94336K, reserved 1179648K
  class space    used 8628K, committed 9280K, reserved 1048576K
}
Event: 6174.724 GC heap after
{Heap after GC invocations=11788 (full 265):
 PSYoungGen      total 5632K, used 484K [0x00000000eab00000, 0x00000000eb180000, 0x0000000100000000)
  eden space 4608K, 0% used [0x00000000eab00000,0x00000000eab00000,0x00000000eaf80000)
  from space 1024K, 47% used [0x00000000eaf80000,0x00000000eaff9210,0x00000000eb080000)
  to   space 1024K, 0% used [0x00000000eb080000,0x00000000eb080000,0x00000000eb180000)
 ParOldGen       total 323584K, used 278112K [0x00000000c0000000, 0x00000000d3c00000, 0x00000000eab00000)
  object space 323584K, 85% used [0x00000000c0000000,0x00000000d0f983f8,0x00000000d3c00000)
 Metaspace       used 92907K, committed 94336K, reserved 1179648K
  class space    used 8628K, committed 9280K, reserved 1048576K
}
Event: 6174.742 GC heap before
{Heap before GC invocations=11789 (full 265):
 PSYoungGen      total 5632K, used 5092K [0x00000000eab00000, 0x00000000eb180000, 0x0000000100000000)
  eden space 4608K, 100% used [0x00000000eab00000,0x00000000eaf80000,0x00000000eaf80000)
  from space 1024K, 47% used [0x00000000eaf80000,0x00000000eaff9210,0x00000000eb080000)
  to   space 1024K, 0% used [0x00000000eb080000,0x00000000eb080000,0x00000000eb180000)
 ParOldGen       total 323584K, used 278112K [0x00000000c0000000, 0x00000000d3c00000, 0x00000000eab00000)
  object space 323584K, 85% used [0x00000000c0000000,0x00000000d0f983f8,0x00000000d3c00000)
 Metaspace       used 92907K, committed 94336K, reserved 1179648K
  class space    used 8628K, committed 9280K, reserved 1048576K
}
Event: 6174.744 GC heap after
{Heap after GC invocations=11789 (full 265):
 PSYoungGen      total 5632K, used 576K [0x00000000eab00000, 0x00000000eb180000, 0x0000000100000000)
  eden space 4608K, 0% used [0x00000000eab00000,0x00000000eab00000,0x00000000eaf80000)
  from space 1024K, 56% used [0x00000000eb080000,0x00000000eb110000,0x00000000eb180000)
  to   space 1024K, 0% used [0x00000000eaf80000,0x00000000eaf80000,0x00000000eb080000)
 ParOldGen       total 323584K, used 278505K [0x00000000c0000000, 0x00000000d3c00000, 0x00000000eab00000)
  object space 323584K, 86% used [0x00000000c0000000,0x00000000d0ffa418,0x00000000d3c00000)
 Metaspace       used 92907K, committed 94336K, reserved 1179648K
  class space    used 8628K, committed 9280K, reserved 1048576K
}
Event: 6174.939 GC heap before
{Heap before GC invocations=11790 (full 265):
 PSYoungGen      total 5632K, used 5179K [0x00000000eab00000, 0x00000000eb180000, 0x0000000100000000)
  eden space 4608K, 99% used [0x00000000eab00000,0x00000000eaf7eff8,0x00000000eaf80000)
  from space 1024K, 56% used [0x00000000eb080000,0x00000000eb110000,0x00000000eb180000)
  to   space 1024K, 0% used [0x00000000eaf80000,0x00000000eaf80000,0x00000000eb080000)
 ParOldGen       total 323584K, used 278505K [0x00000000c0000000, 0x00000000d3c00000, 0x00000000eab00000)
  object space 323584K, 86% used [0x00000000c0000000,0x00000000d0ffa418,0x00000000d3c00000)
 Metaspace       used 92907K, committed 94336K, reserved 1179648K
  class space    used 8628K, committed 9280K, reserved 1048576K
}
Event: 6174.942 GC heap after
{Heap after GC invocations=11790 (full 265):
 PSYoungGen      total 5632K, used 804K [0x00000000eab00000, 0x00000000eb180000, 0x0000000100000000)
  eden space 4608K, 0% used [0x00000000eab00000,0x00000000eab00000,0x00000000eaf80000)
  from space 1024K, 78% used [0x00000000eaf80000,0x00000000eb049210,0x00000000eb080000)
  to   space 1024K, 0% used [0x00000000eb080000,0x00000000eb080000,0x00000000eb180000)
 ParOldGen       total 323584K, used 279025K [0x00000000c0000000, 0x00000000d3c00000, 0x00000000eab00000)
  object space 323584K, 86% used [0x00000000c0000000,0x00000000d107c458,0x00000000d3c00000)
 Metaspace       used 92907K, committed 94336K, reserved 1179648K
  class space    used 8628K, committed 9280K, reserved 1048576K
}
Event: 6174.956 GC heap before
{Heap before GC invocations=11791 (full 265):
 PSYoungGen      total 5632K, used 5412K [0x00000000eab00000, 0x00000000eb180000, 0x0000000100000000)
  eden space 4608K, 100% used [0x00000000eab00000,0x00000000eaf80000,0x00000000eaf80000)
  from space 1024K, 78% used [0x00000000eaf80000,0x00000000eb049210,0x00000000eb080000)
  to   space 1024K, 0% used [0x00000000eb080000,0x00000000eb080000,0x00000000eb180000)
 ParOldGen       total 323584K, used 279025K [0x00000000c0000000, 0x00000000d3c00000, 0x00000000eab00000)
  object space 323584K, 86% used [0x00000000c0000000,0x00000000d107c458,0x00000000d3c00000)
 Metaspace       used 92907K, committed 94336K, reserved 1179648K
  class space    used 8628K, committed 9280K, reserved 1048576K
}
Event: 6174.958 GC heap after
{Heap after GC invocations=11791 (full 265):
 PSYoungGen      total 5632K, used 666K [0x00000000eab00000, 0x00000000eb180000, 0x0000000100000000)
  eden space 4608K, 0% used [0x00000000eab00000,0x00000000eab00000,0x00000000eaf80000)
  from space 1024K, 65% used [0x00000000eb080000,0x00000000eb126900,0x00000000eb180000)
  to   space 1024K, 0% used [0x00000000eaf80000,0x00000000eaf80000,0x00000000eb080000)
 ParOldGen       total 323584K, used 279733K [0x00000000c0000000, 0x00000000d3c00000, 0x00000000eab00000)
  object space 323584K, 86% used [0x00000000c0000000,0x00000000d112d688,0x00000000d3c00000)
 Metaspace       used 92907K, committed 94336K, reserved 1179648K
  class space    used 8628K, committed 9280K, reserved 1048576K
}
Event: 6175.709 GC heap before
{Heap before GC invocations=11792 (full 265):
 PSYoungGen      total 5632K, used 5274K [0x00000000eab00000, 0x00000000eb180000, 0x0000000100000000)
  eden space 4608K, 100% used [0x00000000eab00000,0x00000000eaf80000,0x00000000eaf80000)
  from space 1024K, 65% used [0x00000000eb080000,0x00000000eb126900,0x00000000eb180000)
  to   space 1024K, 0% used [0x00000000eaf80000,0x00000000eaf80000,0x00000000eb080000)
 ParOldGen       total 323584K, used 279733K [0x00000000c0000000, 0x00000000d3c00000, 0x00000000eab00000)
  object space 323584K, 86% used [0x00000000c0000000,0x00000000d112d688,0x00000000d3c00000)
 Metaspace       used 92907K, committed 94336K, reserved 1179648K
  class space    used 8628K, committed 9280K, reserved 1048576K
}
Event: 6175.711 GC heap after
{Heap after GC invocations=11792 (full 265):
 PSYoungGen      total 5632K, used 544K [0x00000000eab00000, 0x00000000eb180000, 0x0000000100000000)
  eden space 4608K, 0% used [0x00000000eab00000,0x00000000eab00000,0x00000000eaf80000)
  from space 1024K, 53% used [0x00000000eaf80000,0x00000000eb008000,0x00000000eb080000)
  to   space 1024K, 0% used [0x00000000eb080000,0x00000000eb080000,0x00000000eb180000)
 ParOldGen       total 323584K, used 280306K [0x00000000c0000000, 0x00000000d3c00000, 0x00000000eab00000)
  object space 323584K, 86% used [0x00000000c0000000,0x00000000d11bc8b8,0x00000000d3c00000)
 Metaspace       used 92907K, committed 94336K, reserved 1179648K
  class space    used 8628K, committed 9280K, reserved 1048576K
}
Event: 6179.991 GC heap before
{Heap before GC invocations=11793 (full 265):
 PSYoungGen      total 5632K, used 5151K [0x00000000eab00000, 0x00000000eb180000, 0x0000000100000000)
  eden space 4608K, 99% used [0x00000000eab00000,0x00000000eaf7fff8,0x00000000eaf80000)
  from space 1024K, 53% used [0x00000000eaf80000,0x00000000eb008000,0x00000000eb080000)
  to   space 1024K, 0% used [0x00000000eb080000,0x00000000eb080000,0x00000000eb180000)
 ParOldGen       total 323584K, used 280306K [0x00000000c0000000, 0x00000000d3c00000, 0x00000000eab00000)
  object space 323584K, 86% used [0x00000000c0000000,0x00000000d11bc8b8,0x00000000d3c00000)
 Metaspace       used 92907K, committed 94336K, reserved 1179648K
  class space    used 8628K, committed 9280K, reserved 1048576K
}
Event: 6179.993 GC heap after
{Heap after GC invocations=11793 (full 265):
 PSYoungGen      total 5632K, used 570K [0x00000000eab00000, 0x00000000eb180000, 0x0000000100000000)
  eden space 4608K, 0% used [0x00000000eab00000,0x00000000eab00000,0x00000000eaf80000)
  from space 1024K, 55% used [0x00000000eb080000,0x00000000eb10e900,0x00000000eb180000)
  to   space 1024K, 0% used [0x00000000eaf80000,0x00000000eaf80000,0x00000000eb080000)
 ParOldGen       total 323584K, used 280822K [0x00000000c0000000, 0x00000000d3c00000, 0x00000000eab00000)
  object space 323584K, 86% used [0x00000000c0000000,0x00000000d123d8e8,0x00000000d3c00000)
 Metaspace       used 92907K, committed 94336K, reserved 1179648K
  class space    used 8628K, committed 9280K, reserved 1048576K
}
Event: 6180.022 GC heap before
{Heap before GC invocations=11794 (full 265):
 PSYoungGen      total 5632K, used 5178K [0x00000000eab00000, 0x00000000eb180000, 0x0000000100000000)
  eden space 4608K, 100% used [0x00000000eab00000,0x00000000eaf80000,0x00000000eaf80000)
  from space 1024K, 55% used [0x00000000eb080000,0x00000000eb10e900,0x00000000eb180000)
  to   space 1024K, 0% used [0x00000000eaf80000,0x00000000eaf80000,0x00000000eb080000)
 ParOldGen       total 323584K, used 280822K [0x00000000c0000000, 0x00000000d3c00000, 0x00000000eab00000)
  object space 323584K, 86% used [0x00000000c0000000,0x00000000d123d8e8,0x00000000d3c00000)
 Metaspace       used 92907K, committed 94336K, reserved 1179648K
  class space    used 8628K, committed 9280K, reserved 1048576K
}
Event: 6180.025 GC heap after
{Heap after GC invocations=11794 (full 265):
 PSYoungGen      total 5632K, used 994K [0x00000000eab00000, 0x00000000eb480000, 0x0000000100000000)
  eden space 4608K, 0% used [0x00000000eab00000,0x00000000eab00000,0x00000000eaf80000)
  from space 1024K, 97% used [0x00000000eaf80000,0x00000000eb078890,0x00000000eb080000)
  to   space 2560K, 0% used [0x00000000eb200000,0x00000000eb200000,0x00000000eb480000)
 ParOldGen       total 323584K, used 282030K [0x00000000c0000000, 0x00000000d3c00000, 0x00000000eab00000)
  object space 323584K, 87% used [0x00000000c0000000,0x00000000d136b918,0x00000000d3c00000)
 Metaspace       used 92907K, committed 94336K, reserved 1179648K
  class space    used 8628K, committed 9280K, reserved 1048576K
}
Event: 6180.046 GC heap before
{Heap before GC invocations=11795 (full 265):
 PSYoungGen      total 5632K, used 5602K [0x00000000eab00000, 0x00000000eb480000, 0x0000000100000000)
  eden space 4608K, 100% used [0x00000000eab00000,0x00000000eaf80000,0x00000000eaf80000)
  from space 1024K, 97% used [0x00000000eaf80000,0x00000000eb078890,0x00000000eb080000)
  to   space 2560K, 0% used [0x00000000eb200000,0x00000000eb200000,0x00000000eb480000)
 ParOldGen       total 323584K, used 282030K [0x00000000c0000000, 0x00000000d3c00000, 0x00000000eab00000)
  object space 323584K, 87% used [0x00000000c0000000,0x00000000d136b918,0x00000000d3c00000)
 Metaspace       used 92907K, committed 94336K, reserved 1179648K
  class space    used 8628K, committed 9280K, reserved 1048576K
}
Event: 6180.047 GC heap after
{Heap after GC invocations=11795 (full 265):
 PSYoungGen      total 5120K, used 314K [0x00000000eab00000, 0x00000000eb280000, 0x0000000100000000)
  eden space 4608K, 0% used [0x00000000eab00000,0x00000000eab00000,0x00000000eaf80000)
  from space 512K, 61% used [0x00000000eb200000,0x00000000eb24e900,0x00000000eb280000)
  to   space 1024K, 0% used [0x00000000eb080000,0x00000000eb080000,0x00000000eb180000)
 ParOldGen       total 323584K, used 282334K [0x00000000c0000000, 0x00000000d3c00000, 0x00000000eab00000)
  object space 323584K, 87% used [0x00000000c0000000,0x00000000d13b7938,0x00000000d3c00000)
 Metaspace       used 92907K, committed 94336K, reserved 1179648K
  class space    used 8628K, committed 9280K, reserved 1048576K
}
Event: 6180.073 GC heap before
{Heap before GC invocations=11796 (full 265):
 PSYoungGen      total 5120K, used 4922K [0x00000000eab00000, 0x00000000eb280000, 0x0000000100000000)
  eden space 4608K, 100% used [0x00000000eab00000,0x00000000eaf80000,0x00000000eaf80000)
  from space 512K, 61% used [0x00000000eb200000,0x00000000eb24e900,0x00000000eb280000)
  to   space 1024K, 0% used [0x00000000eb080000,0x00000000eb080000,0x00000000eb180000)
 ParOldGen       total 323584K, used 282334K [0x00000000c0000000, 0x00000000d3c00000, 0x00000000eab00000)
  object space 323584K, 87% used [0x00000000c0000000,0x00000000d13b7938,0x00000000d3c00000)
 Metaspace       used 92907K, committed 94336K, reserved 1179648K
  class space    used 8628K, committed 9280K, reserved 1048576K
}
Event: 6180.075 GC heap after
{Heap after GC invocations=11796 (full 265):
 PSYoungGen      total 5632K, used 672K [0x00000000eab00000, 0x00000000eb280000, 0x0000000100000000)
  eden space 4608K, 0% used [0x00000000eab00000,0x00000000eab00000,0x00000000eaf80000)
  from space 1024K, 65% used [0x00000000eb080000,0x00000000eb128000,0x00000000eb180000)
  to   space 1024K, 0% used [0x00000000eb180000,0x00000000eb180000,0x00000000eb280000)
 ParOldGen       total 323584K, used 282578K [0x00000000c0000000, 0x00000000d3c00000, 0x00000000eab00000)
  object space 323584K, 87% used [0x00000000c0000000,0x00000000d13f4b48,0x00000000d3c00000)
 Metaspace       used 92907K, committed 94336K, reserved 1179648K
  class space    used 8628K, committed 9280K, reserved 1048576K
}
Event: 6180.230 GC heap before
{Heap before GC invocations=11797 (full 265):
 PSYoungGen      total 5632K, used 5280K [0x00000000eab00000, 0x00000000eb280000, 0x0000000100000000)
  eden space 4608K, 100% used [0x00000000eab00000,0x00000000eaf80000,0x00000000eaf80000)
  from space 1024K, 65% used [0x00000000eb080000,0x00000000eb128000,0x00000000eb180000)
  to   space 1024K, 0% used [0x00000000eb180000,0x00000000eb180000,0x00000000eb280000)
 ParOldGen       total 323584K, used 282578K [0x00000000c0000000, 0x00000000d3c00000, 0x00000000eab00000)
  object space 323584K, 87% used [0x00000000c0000000,0x00000000d13f4b48,0x00000000d3c00000)
 Metaspace       used 92912K, committed 94336K, reserved 1179648K
  class space    used 8628K, committed 9280K, reserved 1048576K
}
Event: 6180.232 GC heap after
{Heap after GC invocations=11797 (full 265):
 PSYoungGen      total 5632K, used 538K [0x00000000eab00000, 0x00000000eb280000, 0x0000000100000000)
  eden space 4608K, 0% used [0x00000000eab00000,0x00000000eab00000,0x00000000eaf80000)
  from space 1024K, 52% used [0x00000000eb180000,0x00000000eb206900,0x00000000eb280000)
  to   space 1024K, 0% used [0x00000000eb080000,0x00000000eb080000,0x00000000eb180000)
 ParOldGen       total 323584K, used 283166K [0x00000000c0000000, 0x00000000d3c00000, 0x00000000eab00000)
  object space 323584K, 87% used [0x00000000c0000000,0x00000000d1487b78,0x00000000d3c00000)
 Metaspace       used 92912K, committed 94336K, reserved 1179648K
  class space    used 8628K, committed 9280K, reserved 1048576K
}

